This is pdfTeX, Version 3.1415926-2.5-1.40.14 (TeX Live 2013/Debian) (format=pdflatex 2014.4.14)  20 APR 2014 22:27
entering extended mode
 restricted \write18 enabled.
 %&-line parsing enabled.
**RaspberrySpiReport.tex
(./RaspberrySpiReport.tex
LaTeX2e <2011/06/27>
Babel <3.9h> and hyphenation patterns for 4 languages loaded.
(/usr/share/texlive/texmf-dist/tex/latex/base/report.cls
Document Class: report 2007/10/19 v1.4h Standard LaTeX document class
(/usr/share/texlive/texmf-dist/tex/latex/base/size12.clo
File: size12.clo 2007/10/19 v1.4h Standard LaTeX file (size option)
)
\c@part=\count79
\c@chapter=\count80
\c@section=\count81
\c@subsection=\count82
\c@subsubsection=\count83
\c@paragraph=\count84
\c@subparagraph=\count85
\c@figure=\count86
\c@table=\count87
\abovecaptionskip=\skip41
\belowcaptionskip=\skip42
\bibindent=\dimen102
)
(/usr/share/texlive/texmf-dist/tex/latex/graphics/graphicx.sty
Package: graphicx 1999/02/16 v1.0f Enhanced LaTeX Graphics (DPC,SPQR)

(/usr/share/texlive/texmf-dist/tex/latex/graphics/keyval.sty
Package: keyval 1999/03/16 v1.13 key=value parser (DPC)
\KV@toks@=\toks14
)
(/usr/share/texlive/texmf-dist/tex/latex/graphics/graphics.sty
Package: graphics 2009/02/05 v1.0o Standard LaTeX Graphics (DPC,SPQR)

(/usr/share/texlive/texmf-dist/tex/latex/graphics/trig.sty
Package: trig 1999/03/16 v1.09 sin cos tan (DPC)
)
(/usr/share/texlive/texmf-dist/tex/latex/latexconfig/graphics.cfg
File: graphics.cfg 2010/04/23 v1.9 graphics configuration of TeX Live
)
Package graphics Info: Driver file: pdftex.def on input line 91.

(/usr/share/texlive/texmf-dist/tex/latex/pdftex-def/pdftex.def
File: pdftex.def 2011/05/27 v0.06d Graphics/color for pdfTeX

(/usr/share/texlive/texmf-dist/tex/generic/oberdiek/infwarerr.sty
Package: infwarerr 2010/04/08 v1.3 Providing info/warning/error messages (HO)
)
(/usr/share/texlive/texmf-dist/tex/generic/oberdiek/ltxcmds.sty
Package: ltxcmds 2011/11/09 v1.22 LaTeX kernel commands for general use (HO)
)
\Gread@gobject=\count88
))
\Gin@req@height=\dimen103
\Gin@req@width=\dimen104
)
(/usr/share/texlive/texmf-dist/tex/latex/amsmath/amsmath.sty
Package: amsmath 2013/01/14 v2.14 AMS math features
\@mathmargin=\skip43

For additional information on amsmath, use the `?' option.
(/usr/share/texlive/texmf-dist/tex/latex/amsmath/amstext.sty
Package: amstext 2000/06/29 v2.01

(/usr/share/texlive/texmf-dist/tex/latex/amsmath/amsgen.sty
File: amsgen.sty 1999/11/30 v2.0
\@emptytoks=\toks15
\ex@=\dimen105
))
(/usr/share/texlive/texmf-dist/tex/latex/amsmath/amsbsy.sty
Package: amsbsy 1999/11/29 v1.2d
\pmbraise@=\dimen106
)
(/usr/share/texlive/texmf-dist/tex/latex/amsmath/amsopn.sty
Package: amsopn 1999/12/14 v2.01 operator names
)
\inf@bad=\count89
LaTeX Info: Redefining \frac on input line 210.
\uproot@=\count90
\leftroot@=\count91
LaTeX Info: Redefining \overline on input line 306.
\classnum@=\count92
\DOTSCASE@=\count93
LaTeX Info: Redefining \ldots on input line 378.
LaTeX Info: Redefining \dots on input line 381.
LaTeX Info: Redefining \cdots on input line 466.
\Mathstrutbox@=\box26
\strutbox@=\box27
\big@size=\dimen107
LaTeX Font Info:    Redeclaring font encoding OML on input line 566.
LaTeX Font Info:    Redeclaring font encoding OMS on input line 567.
\macc@depth=\count94
\c@MaxMatrixCols=\count95
\dotsspace@=\muskip10
\c@parentequation=\count96
\dspbrk@lvl=\count97
\tag@help=\toks16
\row@=\count98
\column@=\count99
\maxfields@=\count100
\andhelp@=\toks17
\eqnshift@=\dimen108
\alignsep@=\dimen109
\tagshift@=\dimen110
\tagwidth@=\dimen111
\totwidth@=\dimen112
\lineht@=\dimen113
\@envbody=\toks18
\multlinegap=\skip44
\multlinetaggap=\skip45
\mathdisplay@stack=\toks19
LaTeX Info: Redefining \[ on input line 2665.
LaTeX Info: Redefining \] on input line 2666.
)
(/usr/share/texlive/texmf-dist/tex/latex/abstract/abstract.sty
Package: abstract 2009/06/08 v1.2a configurable abstracts
\abstitleskip=\skip46
\absleftindent=\skip47
\absrightindent=\skip48
\absparindent=\skip49
\absparsep=\skip50
)
(/usr/share/texlive/texmf-dist/tex/latex/caption/caption.sty
Package: caption 2013/05/02 v3.3-89 Customizing captions (AR)

(/usr/share/texlive/texmf-dist/tex/latex/caption/caption3.sty
Package: caption3 2013/05/02 v1.6-88 caption3 kernel (AR)
Package caption3 Info: TeX engine: e-TeX on input line 57.
\captionmargin=\dimen114
\captionmargin@=\dimen115
\captionwidth=\dimen116
\caption@tempdima=\dimen117
\caption@indent=\dimen118
\caption@parindent=\dimen119
\caption@hangindent=\dimen120
)
\c@ContinuedFloat=\count101
)
(/usr/share/texlive/texmf-dist/tex/latex/float/float.sty
Package: float 2001/11/08 v1.3d Float enhancements (AL)
\c@float@type=\count102
\float@exts=\toks20
\float@box=\box28
\@float@everytoks=\toks21
\@floatcapt=\box29
)
(/usr/share/texlive/texmf-dist/tex/latex/caption/subcaption.sty
Package: subcaption 2013/02/03 v1.1-62 Sub-captions (AR)
\c@subfigure=\count103
\c@subtable=\count104
)
(./RaspberrySpiReport.aux

LaTeX Warning: Label `fig:start' multiply defined.


LaTeX Warning: Label `fig:stop' multiply defined.

)
\openout1 = `RaspberrySpiReport.aux'.

LaTeX Font Info:    Checking defaults for OML/cmm/m/it on input line 9.
LaTeX Font Info:    ... okay on input line 9.
LaTeX Font Info:    Checking defaults for T1/cmr/m/n on input line 9.
LaTeX Font Info:    ... okay on input line 9.
LaTeX Font Info:    Checking defaults for OT1/cmr/m/n on input line 9.
LaTeX Font Info:    ... okay on input line 9.
LaTeX Font Info:    Checking defaults for OMS/cmsy/m/n on input line 9.
LaTeX Font Info:    ... okay on input line 9.
LaTeX Font Info:    Checking defaults for OMX/cmex/m/n on input line 9.
LaTeX Font Info:    ... okay on input line 9.
LaTeX Font Info:    Checking defaults for U/cmr/m/n on input line 9.
LaTeX Font Info:    ... okay on input line 9.
 (/usr/share/texlive/texmf-dist/tex/context/base/supp-pdf.mkii
[Loading MPS to PDF converter (version 2006.09.02).]
\scratchcounter=\count105
\scratchdimen=\dimen121
\scratchbox=\box30
\nofMPsegments=\count106
\nofMParguments=\count107
\everyMPshowfont=\toks22
\MPscratchCnt=\count108
\MPscratchDim=\dimen122
\MPnumerator=\count109
\makeMPintoPDFobject=\count110
\everyMPtoPDFconversion=\toks23
) (/usr/share/texlive/texmf-dist/tex/generic/oberdiek/pdftexcmds.sty
Package: pdftexcmds 2011/11/29 v0.20 Utility functions of pdfTeX for LuaTeX (HO
)

(/usr/share/texlive/texmf-dist/tex/generic/oberdiek/ifluatex.sty
Package: ifluatex 2010/03/01 v1.3 Provides the ifluatex switch (HO)
Package ifluatex Info: LuaTeX not detected.
)
(/usr/share/texlive/texmf-dist/tex/generic/oberdiek/ifpdf.sty
Package: ifpdf 2011/01/30 v2.3 Provides the ifpdf switch (HO)
Package ifpdf Info: pdfTeX in PDF mode is detected.
)
Package pdftexcmds Info: LuaTeX not detected.
Package pdftexcmds Info: \pdf@primitive is available.
Package pdftexcmds Info: \pdf@ifprimitive is available.
Package pdftexcmds Info: \pdfdraftmode found.
)
(/usr/share/texlive/texmf-dist/tex/latex/oberdiek/epstopdf-base.sty
Package: epstopdf-base 2010/02/09 v2.5 Base part for package epstopdf

(/usr/share/texlive/texmf-dist/tex/latex/oberdiek/grfext.sty
Package: grfext 2010/08/19 v1.1 Manage graphics extensions (HO)

(/usr/share/texlive/texmf-dist/tex/generic/oberdiek/kvdefinekeys.sty
Package: kvdefinekeys 2011/04/07 v1.3 Define keys (HO)
))
(/usr/share/texlive/texmf-dist/tex/latex/oberdiek/kvoptions.sty
Package: kvoptions 2011/06/30 v3.11 Key value format for package options (HO)

(/usr/share/texlive/texmf-dist/tex/generic/oberdiek/kvsetkeys.sty
Package: kvsetkeys 2012/04/25 v1.16 Key value parser (HO)

(/usr/share/texlive/texmf-dist/tex/generic/oberdiek/etexcmds.sty
Package: etexcmds 2011/02/16 v1.5 Avoid name clashes with e-TeX commands (HO)
Package etexcmds Info: Could not find \expanded.
(etexcmds)             That can mean that you are not using pdfTeX 1.50 or
(etexcmds)             that some package has redefined \expanded.
(etexcmds)             In the latter case, load this package earlier.
)))
Package grfext Info: Graphics extension search list:
(grfext)             [.png,.pdf,.jpg,.mps,.jpeg,.jbig2,.jb2,.PNG,.PDF,.JPG,.JPE
G,.JBIG2,.JB2,.eps]
(grfext)             \AppendGraphicsExtensions on input line 452.

(/usr/share/texlive/texmf-dist/tex/latex/latexconfig/epstopdf-sys.cfg
File: epstopdf-sys.cfg 2010/07/13 v1.3 Configuration of (r)epstopdf for TeX Liv
e
))
Package caption Info: Begin \AtBeginDocument code.
Package caption Info: float package is loaded.
Package caption Info: End \AtBeginDocument code.

<../../trinityCollege.jpg, id=1, 203.76125pt x 272.01625pt>
File: ../../trinityCollege.jpg Graphic file (type jpg)

<use ../../trinityCollege.jpg>
Package pdftex.def Info: ../../trinityCollege.jpg used on input line 15.
(pdftex.def)             Requested size: 122.25768pt x 163.211pt.
 [1

{/var/lib/texmf/fonts/map/pdftex/updmap/pdftex.map} <../../trinityCollege.jpg>]
 [1] [1] [1] (./RaspberrySpiReport.toc
[1

])
\tf@toc=\write3
\openout3 = `RaspberrySpiReport.toc'.

 [2]
Chapter 1.

Underfull \hbox (badness 10000) in paragraph at lines 55--56

 []


Underfull \hbox (badness 10000) in paragraph at lines 57--58

 []


Underfull \hbox (badness 10000) in paragraph at lines 59--60

 []


Underfull \hbox (badness 10000) in paragraph at lines 61--62

 []

[3

]
LaTeX Font Info:    Try loading font information for OMS+cmr on input line 65.
 (/usr/share/texlive/texmf-dist/tex/latex/base/omscmr.fd
File: omscmr.fd 1999/05/25 v2.5h Standard LaTeX font definitions
)
LaTeX Font Info:    Font shape `OMS/cmr/m/n' in size <12> not available
(Font)              Font shape `OMS/cmsy/m/n' tried instead on input line 65.

Underfull \hbox (badness 10000) in paragraph at lines 65--66

 []


Underfull \hbox (badness 10000) in paragraph at lines 67--68

 []


Underfull \hbox (badness 10000) in paragraph at lines 69--70

 []


Underfull \hbox (badness 10000) in paragraph at lines 71--72

 []


Underfull \hbox (badness 10000) in paragraph at lines 78--79

 []


Underfull \hbox (badness 10000) in paragraph at lines 80--81

 []


Underfull \hbox (badness 10000) in paragraph at lines 82--83

 []


Underfull \hbox (badness 10000) in paragraph at lines 84--85

 []


Underfull \hbox (badness 10000) in paragraph at lines 86--87

 []

[4]
Underfull \hbox (badness 10000) in paragraph at lines 89--90

 []


Underfull \hbox (badness 10000) in paragraph at lines 93--94

 []


Underfull \hbox (badness 10000) in paragraph at lines 95--96

 []


Underfull \hbox (badness 10000) in paragraph at lines 97--98

 []

[5]
Chapter 2.

Underfull \hbox (badness 10000) in paragraph at lines 106--107

 []


Underfull \hbox (badness 10000) in paragraph at lines 108--109

 []


Underfull \hbox (badness 10000) in paragraph at lines 113--114

 []


Underfull \hbox (badness 10000) in paragraph at lines 115--116

 []


Underfull \hbox (badness 10000) in paragraph at lines 116--117

 []


Underfull \hbox (badness 10000) in paragraph at lines 117--118

 []

[6

]
Underfull \hbox (badness 10000) in paragraph at lines 118--119

 []


Underfull \hbox (badness 10000) in paragraph at lines 119--120

 []


Underfull \hbox (badness 10000) in paragraph at lines 120--121

 []


Underfull \hbox (badness 10000) in paragraph at lines 125--129

 []


Underfull \hbox (badness 10000) in paragraph at lines 125--129

 []


Underfull \hbox (badness 10000) in paragraph at lines 131--132

 []


Underfull \hbox (badness 10000) in paragraph at lines 133--134

 []


Underfull \hbox (badness 10000) in paragraph at lines 135--136

 []


Underfull \hbox (badness 10000) in paragraph at lines 137--138

 []


Underfull \hbox (badness 10000) in paragraph at lines 139--140

 []


Underfull \hbox (badness 10000) in paragraph at lines 141--142

 []


Underfull \hbox (badness 10000) in paragraph at lines 143--144

 []


Underfull \hbox (badness 10000) in paragraph at lines 147--149

 []

[7] <../../Pictures/modelb.jpg, id=42, 1881.0275pt x 1404.24625pt>
File: ../../Pictures/modelb.jpg Graphic file (type jpg)

<use ../../Pictures/modelb.jpg>
Package pdftex.def Info: ../../Pictures/modelb.jpg used on input line 152.
(pdftex.def)             Requested size: 432.62723pt x 322.96985pt.

Overfull \hbox (42.62723pt too wide) in paragraph at lines 152--152
 [][] 
 []


Underfull \hbox (badness 10000) in paragraph at lines 156--160

 []


Underfull \hbox (badness 10000) in paragraph at lines 156--160

 []


Underfull \hbox (badness 10000) in paragraph at lines 161--162

 []

[8 <../../Pictures/modelb.jpg>] [9]
Underfull \hbox (badness 10000) in paragraph at lines 165--169

 []


Underfull \hbox (badness 10000) in paragraph at lines 165--169

 []


Underfull \hbox (badness 10000) in paragraph at lines 172--173

 []


Underfull \hbox (badness 10000) in paragraph at lines 174--175

 []


<../../Pictures/raspberry_pi_camera_board.jpg, id=50, 652.4375pt x 652.4375pt>
File: ../../Pictures/raspberry_pi_camera_board.jpg Graphic file (type jpg)

<use ../../Pictures/raspberry_pi_camera_board.jpg>
Package pdftex.def Info: ../../Pictures/raspberry_pi_camera_board.jpg used on i
nput line 183.
(pdftex.def)             Requested size: 326.21794pt x 326.21794pt.

<../../Pictures/camattachedraspberry.jpg, id=51, 361.35pt x 271.0125pt>
File: ../../Pictures/camattachedraspberry.jpg Graphic file (type jpg)

<use ../../Pictures/camattachedraspberry.jpg>
Package pdftex.def Info: ../../Pictures/camattachedraspberry.jpg used on input 
line 188.
(pdftex.def)             Requested size: 361.34912pt x 271.01183pt.
 [10

] [11 <../../Pictures/raspberry_pi_camera_board.jpg>]
Underfull \hbox (badness 10000) in paragraph at lines 194--197

 []


Underfull \hbox (badness 10000) in paragraph at lines 194--197

 []


Underfull \hbox (badness 10000) in paragraph at lines 198--199

 []


Underfull \hbox (badness 10000) in paragraph at lines 200--201

 []


Underfull \hbox (badness 10000) in paragraph at lines 203--204

 []


Underfull \hbox (badness 10000) in paragraph at lines 205--206

 []

[12 <../../Pictures/camattachedraspberry.jpg>]
Underfull \hbox (badness 10000) in paragraph at lines 207--211

 []


Underfull \hbox (badness 10000) in paragraph at lines 207--211

 []


Underfull \hbox (badness 10000) in paragraph at lines 212--213

 []


Underfull \hbox (badness 10000) in paragraph at lines 214--218

 []


Underfull \hbox (badness 10000) in paragraph at lines 214--218

 []


Underfull \hbox (badness 10000) in paragraph at lines 219--220

 []

[13]
Underfull \hbox (badness 10000) in paragraph at lines 227--228

 []


Underfull \hbox (badness 10000) in paragraph at lines 229--230

 []


Underfull \hbox (badness 10000) in paragraph at lines 231--232

 []


Underfull \hbox (badness 10000) in paragraph at lines 232--233

 []


Underfull \hbox (badness 10000) in paragraph at lines 233--234

 []


Underfull \hbox (badness 10000) in paragraph at lines 234--235

 []


Underfull \hbox (badness 10000) in paragraph at lines 235--236

 []


Underfull \hbox (badness 10000) in paragraph at lines 240--244

 []


Underfull \hbox (badness 10000) in paragraph at lines 240--244

 []


Underfull \hbox (badness 10000) in paragraph at lines 245--246

 []


Underfull \hbox (badness 10000) in paragraph at lines 247--250

 []


Underfull \hbox (badness 10000) in paragraph at lines 247--250

 []


Underfull \hbox (badness 10000) in paragraph at lines 251--252

 []


Underfull \hbox (badness 10000) in paragraph at lines 253--254

 []

[14

]
Underfull \hbox (badness 10000) in paragraph at lines 255--259

 []


Underfull \hbox (badness 10000) in paragraph at lines 255--259

 []


Underfull \hbox (badness 10000) in paragraph at lines 260--261

 []


Underfull \hbox (badness 10000) in paragraph at lines 262--263

 []


Underfull \hbox (badness 10000) in paragraph at lines 265--269

 []


Underfull \hbox (badness 10000) in paragraph at lines 265--269

 []


Underfull \hbox (badness 10000) in paragraph at lines 270--274

 []


Underfull \hbox (badness 10000) in paragraph at lines 270--274

 []


Underfull \hbox (badness 10000) in paragraph at lines 275--276

 []

[15]
Underfull \hbox (badness 10000) in paragraph at lines 277--278

 []

[16]
Underfull \hbox (badness 10000) in paragraph at lines 282--283

 []


Underfull \hbox (badness 10000) in paragraph at lines 284--288

 []


Underfull \hbox (badness 10000) in paragraph at lines 284--288

 []


Underfull \hbox (badness 10000) in paragraph at lines 289--290

 []


Underfull \hbox (badness 10000) in paragraph at lines 291--292

 []


Underfull \hbox (badness 10000) in paragraph at lines 300--300
[]\OT1/cmr/m/n/12 Video Live Stream-ing (Can be
 []


Underfull \hbox (badness 10000) in paragraph at lines 306--307

 []


Underfull \hbox (badness 10000) in paragraph at lines 308--309

 []

[17

]
Underfull \hbox (badness 10000) in paragraph at lines 310--311

 []


Underfull \hbox (badness 10000) in paragraph at lines 312--318

 []


Underfull \hbox (badness 10000) in paragraph at lines 312--318

 []

[18]
Chapter 3.

Underfull \hbox (badness 10000) in paragraph at lines 324--325

 []


Underfull \hbox (badness 10000) in paragraph at lines 326--327

 []


Underfull \hbox (badness 10000) in paragraph at lines 330--331

 []


Underfull \hbox (badness 10000) in paragraph at lines 331--332

 []


Underfull \hbox (badness 10000) in paragraph at lines 332--333

 []


Underfull \hbox (badness 10000) in paragraph at lines 333--334

 []


Underfull \hbox (badness 10000) in paragraph at lines 334--335

 []

<../../Pictures/HomePage.jpg, id=80, 547.2947pt x 500.62032pt>
File: ../../Pictures/HomePage.jpg Graphic file (type jpg)

<use ../../Pictures/HomePage.jpg>
Package pdftex.def Info: ../../Pictures/HomePage.jpg used on input line 339.
(pdftex.def)             Requested size: 383.10367pt x 350.43182pt.
 [19

]
Underfull \hbox (badness 10000) in paragraph at lines 346--347

 []


Underfull \hbox (badness 10000) in paragraph at lines 348--349

 []

[20 <../../Pictures/HomePage.jpg>]
Underfull \hbox (badness 10000) in paragraph at lines 353--354

 []


Underfull \hbox (badness 10000) in paragraph at lines 355--356

 []


Underfull \hbox (badness 10000) in paragraph at lines 357--358

 []


Underfull \hbox (badness 10000) in paragraph at lines 360--361

 []


Underfull \hbox (badness 10000) in paragraph at lines 361--362

 []


Underfull \hbox (badness 10000) in paragraph at lines 362--363

 []


Underfull \hbox (badness 10000) in paragraph at lines 363--364

 []


Underfull \hbox (badness 10000) in paragraph at lines 364--365

 []


Underfull \hbox (badness 10000) in paragraph at lines 365--366

 []


Underfull \hbox (badness 10000) in paragraph at lines 366--367

 []

[21]
Underfull \hbox (badness 10000) in paragraph at lines 367--368

 []


Underfull \hbox (badness 10000) in paragraph at lines 368--369

 []

<../../Pictures/HelpPage.jpg, id=91, 560.8453pt x 487.06969pt>
File: ../../Pictures/HelpPage.jpg Graphic file (type jpg)

<use ../../Pictures/HelpPage.jpg>
Package pdftex.def Info: ../../Pictures/HelpPage.jpg used on input line 374.
(pdftex.def)             Requested size: 392.58904pt x 340.94644pt.

Overfull \hbox (2.58904pt too wide) in paragraph at lines 374--375
 [][] 
 []


Underfull \hbox (badness 10000) in paragraph at lines 383--384

 []

[22 <../../Pictures/HelpPage.jpg>]
Underfull \hbox (badness 10000) in paragraph at lines 385--386

 []


Underfull \hbox (badness 10000) in paragraph at lines 387--388

 []


Underfull \hbox (badness 10000) in paragraph at lines 389--390

 []


Underfull \hbox (badness 10000) in paragraph at lines 391--392

 []


Underfull \hbox (badness 10000) in paragraph at lines 393--394

 []


Underfull \hbox (badness 10000) in paragraph at lines 401--402

 []


Underfull \hbox (badness 10000) in paragraph at lines 404--405

 []

<../../Pictures/TakeLivePhoto.jpg, id=95, 544.28343pt x 446.41782pt>
File: ../../Pictures/TakeLivePhoto.jpg Graphic file (type jpg)

<use ../../Pictures/TakeLivePhoto.jpg>
Package pdftex.def Info: ../../Pictures/TakeLivePhoto.jpg used on input line 40
8.
(pdftex.def)             Requested size: 380.9958pt x 312.49033pt.
 [23]
Underfull \hbox (badness 10000) in paragraph at lines 420--421

 []


Underfull \hbox (badness 10000) in paragraph at lines 422--423

 []

[24 <../../Pictures/TakeLivePhoto.jpg>]
Underfull \hbox (badness 10000) in paragraph at lines 425--426

 []


Underfull \hbox (badness 10000) in paragraph at lines 427--428

 []


Underfull \hbox (badness 10000) in paragraph at lines 429--430

 []


Underfull \hbox (badness 10000) in paragraph at lines 431--432

 []


Underfull \hbox (badness 10000) in paragraph at lines 434--435

 []


Underfull \hbox (badness 10000) in paragraph at lines 437--438

 []

<../../Pictures/prevFrame.png, id=104, 321.2pt x 240.9pt>
File: ../../Pictures/prevFrame.png Graphic file (type png)

<use ../../Pictures/prevFrame.png>
Package pdftex.def Info: ../../Pictures/prevFrame.png used on input line 445.
(pdftex.def)             Requested size: 208.77753pt x 156.58313pt.

Overfull \hbox (13.77753pt too wide) in paragraph at lines 445--446
 [][] 
 []

<../../Pictures/nextFrame.png, id=105, 321.2pt x 240.9pt>
File: ../../Pictures/nextFrame.png Graphic file (type png)

<use ../../Pictures/nextFrame.png>
Package pdftex.def Info: ../../Pictures/nextFrame.png used on input line 452.
(pdftex.def)             Requested size: 208.77753pt x 156.58313pt.

Overfull \hbox (13.77753pt too wide) in paragraph at lines 452--453
 [][] 
 []


Overfull \hbox (19.44853pt too wide) in paragraph at lines 443--456
[][]   [] 
 []

[25] <../../Pictures/differenceImage.png, id=109, 321.2pt x 240.9pt>
File: ../../Pictures/differenceImage.png Graphic file (type png)

<use ../../Pictures/differenceImage.png>
Package pdftex.def Info: ../../Pictures/differenceImage.png used on input line 
462.
(pdftex.def)             Requested size: 208.77753pt x 156.58313pt.

Underfull \hbox (badness 10000) in paragraph at lines 471--472

 []

[26 <../../Pictures/prevFrame.png (PNG copy)> <../../Pictures/nextFrame.png (PN
G copy)> <../../Pictures/differenceImage.png (PNG copy)>]
<../../Pictures/MotionDetectionStart.jpg, id=113, 556.32843pt x 371.13657pt>
File: ../../Pictures/MotionDetectionStart.jpg Graphic file (type jpg)

<use ../../Pictures/MotionDetectionStart.jpg>
Package pdftex.def Info: ../../Pictures/MotionDetectionStart.jpg used on input 
line 477.
(pdftex.def)             Requested size: 389.42725pt x 259.79381pt.

<../../Pictures/MotionStarted.jpg, id=114, 556.32843pt x 422.32782pt>
File: ../../Pictures/MotionStarted.jpg Graphic file (type jpg)

<use ../../Pictures/MotionStarted.jpg>
Package pdftex.def Info: ../../Pictures/MotionStarted.jpg used on input line 48
3.
(pdftex.def)             Requested size: 389.42725pt x 295.62746pt.
 [27 <../../Pictures/MotionDetectionStart.jpg>] <../../Pictures/MotionStopped.j
pg, id=119, 530.73282pt x 434.37282pt>
File: ../../Pictures/MotionStopped.jpg Graphic file (type jpg)

<use ../../Pictures/MotionStopped.jpg>
Package pdftex.def Info: ../../Pictures/MotionStopped.jpg used on input line 48
9.
(pdftex.def)             Requested size: 371.51044pt x 304.0589pt.
 [28 <../../Pictures/MotionStarted.jpg>]
<../../Pictures/raspberrySPYstart.png, id=123, 602.25pt x 401.5pt>
File: ../../Pictures/raspberrySPYstart.png Graphic file (type png)

<use ../../Pictures/raspberrySPYstart.png>
Package pdftex.def Info: ../../Pictures/raspberrySPYstart.png used on input lin
e 500.
(pdftex.def)             Requested size: 241.7981pt x 161.19753pt.

<../../Pictures/raspberrySPYstop.png, id=125, 602.25pt x 401.5pt>
File: ../../Pictures/raspberrySPYstop.png Graphic file (type png)

<use ../../Pictures/raspberrySPYstop.png>
Package pdftex.def Info: ../../Pictures/raspberrySPYstop.png used on input line
 507.
(pdftex.def)             Requested size: 241.7981pt x 161.19753pt.

Underfull \hbox (badness 10000) in paragraph at lines 498--511
[][]
 []

[29 <../../Pictures/MotionStopped.jpg>]
Underfull \hbox (badness 10000) in paragraph at lines 516--517

 []


Underfull \hbox (badness 10000) in paragraph at lines 519--520

 []

[30 <../../Pictures/raspberrySPYstart.png> <../../Pictures/raspberrySPYstop.png
>]
Underfull \hbox (badness 10000) in paragraph at lines 521--522

 []


Underfull \hbox (badness 10000) in paragraph at lines 528--529

 []


Underfull \hbox (badness 10000) in paragraph at lines 531--532

 []


Underfull \hbox (badness 10000) in paragraph at lines 533--534

 []

[31]
Chapter 4.

Underfull \hbox (badness 10000) in paragraph at lines 544--545

 []


Underfull \hbox (badness 10000) in paragraph at lines 546--547

 []

[32

]
Underfull \hbox (badness 10000) in paragraph at lines 551--552

 []


Underfull \hbox (badness 10000) in paragraph at lines 553--554

 []


Underfull \hbox (badness 10000) in paragraph at lines 559--560

 []


Underfull \hbox (badness 10000) in paragraph at lines 565--566

 []


Underfull \hbox (badness 10000) in paragraph at lines 572--573

 []

[33] [34]
Chapter 5.

Underfull \hbox (badness 10000) in paragraph at lines 582--583

 []


Underfull \hbox (badness 10000) in paragraph at lines 584--585

 []


Underfull \hbox (badness 10000) in paragraph at lines 586--587

 []


Underfull \hbox (badness 10000) in paragraph at lines 598--599

 []

[35

]
Underfull \hbox (badness 10000) in paragraph at lines 600--601

 []


Underfull \hbox (badness 10000) in paragraph at lines 604--605

 []

Missing character: There is no â in font cmr12!
Missing character: There is no € in font cmr12!
Missing character: There is no ™ in font cmr12!

Underfull \hbox (badness 10000) in paragraph at lines 609--610

 []


Underfull \hbox (badness 10000) in paragraph at lines 611--612

 []

[36] [37] <../../Pictures/raspberrySPY.png, id=156, 602.25pt x 401.5pt>
File: ../../Pictures/raspberrySPY.png Graphic file (type png)

<use ../../Pictures/raspberrySPY.png>
Package pdftex.def Info: ../../Pictures/raspberrySPY.png used on input line 617
.
(pdftex.def)             Requested size: 301.12425pt x 200.7495pt.
 [38 <../../Pictures/raspberrySPY.png>]
[39

] (./RaspberrySpiReport.aux)

LaTeX Warning: There were multiply-defined labels.

 ) 
Here is how much of TeX's memory you used:
 3437 strings out of 494985
 52842 string characters out of 6180356
 110670 words of memory out of 5000000
 6604 multiletter control sequences out of 15000+600000
 10783 words of font info for 38 fonts, out of 8000000 for 9000
 36 hyphenation exceptions out of 8191
 38i,8n,38p,1405b,331s stack positions out of 5000i,500n,10000p,200000b,80000s
</usr/share/texlive/texmf-dist/fonts/type1/public/amsfonts/cm/cmbx12.pfb></us
r/share/texlive/texmf-dist/fonts/type1/public/amsfonts/cm/cmbxti10.pfb></usr/sh
are/texlive/texmf-dist/fonts/type1/public/amsfonts/cm/cmcsc10.pfb></usr/share/t
exlive/texmf-dist/fonts/type1/public/amsfonts/cm/cmr12.pfb></usr/share/texlive/
texmf-dist/fonts/type1/public/amsfonts/cm/cmsy10.pfb></usr/share/texlive/texmf-
dist/fonts/type1/public/amsfonts/cm/cmti12.pfb>
Output written on RaspberrySpiReport.pdf (43 pages, 1797592 bytes).
PDF statistics:
 189 PDF objects out of 1000 (max. 8388607)
 117 compressed objects within 2 object streams
 0 named destinations out of 1000 (max. 500000)
 81 words of extra memory for PDF output out of 10000 (max. 10000000)

